<?xml version="1.0" encoding="UTF-8"?>
<robot generator="Robot 3.0.4 (Python 3.6.3 on darwin)" generated="20180509 15:23:30.067">
<suite id="s1" name="Tests" source="/Sreenu/Robort-Framework/RobotFramework-FrontOfficeSite/tests">
<suite id="s1-s1" name="FrontOffice" source="/Sreenu/Robort-Framework/RobotFramework-FrontOfficeSite/tests/FrontOffice.robot">
<kw name="Open browser and maximise" library="Common" type="setup">
<kw name="Open Browser" library="SeleniumLibrary">
<doc>Opens a new browser instance to the given ``url``.</doc>
<arguments>
<arg>about:blank</arg>
<arg>${BROWSER}</arg>
</arguments>
<msg timestamp="20180509 15:23:30.194" level="INFO">Opening browser 'ff' to base url 'about:blank'.</msg>
<status status="PASS" starttime="20180509 15:23:30.193" endtime="20180509 15:23:33.034"></status>
</kw>
<kw name="Maximize Browser Window" library="SeleniumLibrary">
<doc>Maximizes current browser window.</doc>
<status status="PASS" starttime="20180509 15:23:33.034" endtime="20180509 15:23:33.378"></status>
</kw>
<status status="PASS" starttime="20180509 15:23:30.193" endtime="20180509 15:23:33.378"></status>
</kw>
<test id="s1-s1-t1" name="User should be able to navigate &quot;Test Website&quot;">
<kw name="Load the Page" library="App_FrontOffice">
<kw name="Go To" library="SeleniumLibrary">
<doc>Navigates the active browser instance to the provided ``url``.</doc>
<arguments>
<arg>${URL}</arg>
</arguments>
<msg timestamp="20180509 15:23:33.380" level="INFO">Opening url 'http://www.robotframeworktutorial.com/front-office/'</msg>
<status status="PASS" starttime="20180509 15:23:33.380" endtime="20180509 15:23:40.077"></status>
</kw>
<kw name="Wait for Page to Load" library="LandingPage">
<kw name="Wait Until Page Contains" library="SeleniumLibrary">
<doc>Waits until ``text`` appears on current page.</doc>
<arguments>
<arg>Welcome To Our Studio!</arg>
</arguments>
<status status="PASS" starttime="20180509 15:23:40.078" endtime="20180509 15:23:40.105"></status>
</kw>
<status status="PASS" starttime="20180509 15:23:40.077" endtime="20180509 15:23:40.105"></status>
</kw>
<status status="PASS" starttime="20180509 15:23:33.380" endtime="20180509 15:23:40.106"></status>
</kw>
<kw name="Verify the Page Loaded" library="App_FrontOffice">
<kw name="Home Page Verifications" library="LandingPage">
<arguments>
<arg>${APP_INTRO}</arg>
</arguments>
<kw name="Page Should Contain Element" library="SeleniumLibrary">
<doc>Verifies that element ``locator`` is found on the current page.</doc>
<arguments>
<arg>${APP_INTRO}</arg>
</arguments>
<msg timestamp="20180509 15:23:40.125" level="INFO">Current page contains element 'xpath=//div[@class='intro-heading']'.</msg>
<status status="PASS" starttime="20180509 15:23:40.107" endtime="20180509 15:23:40.126"></status>
</kw>
<status status="PASS" starttime="20180509 15:23:40.106" endtime="20180509 15:23:40.126"></status>
</kw>
<status status="PASS" starttime="20180509 15:23:40.106" endtime="20180509 15:23:40.126"></status>
</kw>
<status status="PASS" starttime="20180509 15:23:33.379" endtime="20180509 15:23:40.126" critical="yes"></status>
</test>
<test id="s1-s1-t2" name="User should be able to choose the &quot;Team Section&quot;">
<kw name="Go to Team Section" library="App_FrontOffice">
<kw name="User Should be able to Clicks on Team Tab" library="NavBar">
<kw name="Click Link" library="SeleniumLibrary">
<doc>Clicks a link identified by ``locator``.</doc>
<arguments>
<arg>${TEAM_LINK}</arg>
</arguments>
<msg timestamp="20180509 15:23:40.128" level="INFO">Clicking link 'xpath=//a[@class='page-scroll'][contains(text(),'Team')]'.</msg>
<status status="PASS" starttime="20180509 15:23:40.128" endtime="20180509 15:23:40.359"></status>
</kw>
<status status="PASS" starttime="20180509 15:23:40.128" endtime="20180509 15:23:40.360"></status>
</kw>
<status status="PASS" starttime="20180509 15:23:40.128" endtime="20180509 15:23:40.360"></status>
</kw>
<kw name="Verify the Team Page" library="App_FrontOffice">
<kw name="Verify the Team Page has a text ${VERIFY_TEXT}" library="TeamPage">
<kw name="Page Should Contain Element" library="SeleniumLibrary">
<doc>Verifies that element ``locator`` is found on the current page.</doc>
<arguments>
<arg>${VERIFY_TEXT}</arg>
</arguments>
<msg timestamp="20180509 15:23:40.366" level="INFO">Current page contains element 'xpath=//h2[@class='section-heading'][contains(text(),'Our Amazing Team')]'.</msg>
<status status="PASS" starttime="20180509 15:23:40.361" endtime="20180509 15:23:40.366"></status>
</kw>
<kw name="Log" library="BuiltIn">
<doc>Logs the given message with the given level.</doc>
<arguments>
<arg>Test Passes</arg>
</arguments>
<msg timestamp="20180509 15:23:40.367" level="INFO">Test Passes</msg>
<status status="PASS" starttime="20180509 15:23:40.367" endtime="20180509 15:23:40.367"></status>
</kw>
<status status="PASS" starttime="20180509 15:23:40.361" endtime="20180509 15:23:40.368"></status>
</kw>
<status status="PASS" starttime="20180509 15:23:40.360" endtime="20180509 15:23:40.368"></status>
</kw>
<status status="PASS" starttime="20180509 15:23:40.127" endtime="20180509 15:23:40.368" critical="yes"></status>
</test>
<kw name="Close the browser" library="Common" type="teardown">
<kw name="Close Browser" library="SeleniumLibrary">
<doc>Closes the current browser.</doc>
<status status="PASS" starttime="20180509 15:23:40.370" endtime="20180509 15:23:40.903"></status>
</kw>
<status status="PASS" starttime="20180509 15:23:40.370" endtime="20180509 15:23:40.903"></status>
</kw>
<doc>This is to test the demo page ROBOTUTORIAL.com</doc>
<status status="PASS" starttime="20180509 15:23:30.090" endtime="20180509 15:23:40.903"></status>
</suite>
<status status="PASS" starttime="20180509 15:23:30.069" endtime="20180509 15:23:40.905"></status>
</suite>
<statistics>
<total>
<stat pass="2" fail="0">Critical Tests</stat>
<stat pass="2" fail="0">All Tests</stat>
</total>
<tag>
</tag>
<suite>
<stat pass="2" fail="0" id="s1" name="Tests">Tests</stat>
<stat pass="2" fail="0" id="s1-s1" name="FrontOffice">Tests.FrontOffice</stat>
</suite>
</statistics>
<errors>
</errors>
</robot>
